{
    "taskDefinition": {
        "taskDefinitionArn": "arn:aws:ecs:us-east-1:545009831939:task-definition/cherubgyre-dev:2",
        "containerDefinitions": [
            {
                "name": "rust-api",
                "image": ":latest",
                "cpu": 0,
                "portMappings": [
                    {
                        "containerPort": 8080,
                        "hostPort": 8080,
                        "protocol": "tcp",
                        "name": "rust-api-container-8080-tcp",
                        "appProtocol": "http"
                    }
                ],
                "essential": true,
                "environment": [],
                "mountPoints": [],
                "volumesFrom": [],
                "logConfiguration": {
                    "logDriver": "awslogs",
                    "options": {
                        "awslogs-group": "/ecs/cherubgyre-dev",
                        "awslogs-create-group": "true",
                        "awslogs-region": "us-east-1",
                        "awslogs-stream-prefix": "ecs"
                    }
                },
                "systemControls": []
            }
        ],
        "family": "cherubgyre-dev",
        "executionRoleArn": "arn:aws:iam::545009831939:role/ecsTaskExecutionRole",
        "networkMode": "awsvpc",
        "revision": 2,
        "volumes": [],
        "status": "ACTIVE",
        "requiresAttributes": [
            {
                "name": "com.amazonaws.ecs.capability.logging-driver.awslogs"
            },
            {
                "name": "ecs.capability.execution-role-awslogs"
            },
            {
                "name": "com.amazonaws.ecs.capability.docker-remote-api.1.19"
            },
            {
                "name": "com.amazonaws.ecs.capability.docker-remote-api.1.18"
            },
            {
                "name": "ecs.capability.task-eni"
            },
            {
                "name": "com.amazonaws.ecs.capability.docker-remote-api.1.29"
            }
        ],
        "placementConstraints": [],
        "compatibilities": [
            "EC2",
            "FARGATE"
        ],
        "runtimePlatform": {
            "cpuArchitecture": "X86_64",
            "operatingSystemFamily": "LINUX"
        },
        "requiresCompatibilities": [
            "FARGATE"
        ],
        "cpu": "512",
        "memory": "1024",
        "registeredAt": "2024-12-14T09:51:47.400000+00:00",
        "registeredBy": "arn:aws:sts::545009831939:assumed-role/AWSReservedSSO_AdministratorAccess_adcbb14f0f4de8fe/shaheer"
    }
}
